<?xml version="1.0" encoding="UTF-8"?>
<testng-results ignored="0" total="2" passed="2" failed="0" skipped="0">
  <reporter-output>
  </reporter-output>
  <suite started-at="2023-03-13T16:08:53 EET" name="WPT" finished-at="2023-03-13T16:09:18 EET" duration-ms="24096">
    <groups>
      <group name="test1">
        <method signature="TestNg.case_1(java.lang.String)[pri:0, instance:Main.TestNg@4e50c791]" name="case_1" class="Main.TestNg"/>
        <method signature="Test_1.mainCode(java.lang.String)[pri:0, instance:Tests.Test_1@313b2ea6]" name="mainCode" class="Tests.Test_1"/>
      </group> <!-- test1 -->
    </groups>
    <test started-at="2023-03-13T16:08:53 EET" name="Dex-Trade Regression" finished-at="2023-03-13T16:09:18 EET" duration-ms="24096">
      <class name="Tests.Test_1">
        <test-method signature="mainCode(java.lang.String)[pri:0, instance:Tests.Test_1@313b2ea6]" started-at="2023-03-13T16:09:13 EET" name="mainCode" finished-at="2023-03-13T16:09:18 EET" duration-ms="4412" status="PASS">
          <params>
            <param index="0">
              <value>
                <![CDATA[https://dex-trade.com]]>
              </value>
            </param>
          </params>
          <reporter-output>
          </reporter-output>
        </test-method> <!-- mainCode -->
      </class> <!-- Tests.Test_1 -->
      <class name="Main.TestNg">
        <test-method is-config="true" signature="setUp(java.lang.String)[pri:0, instance:Main.TestNg@4e50c791]" started-at="2023-03-13T16:08:54 EET" name="setUp" finished-at="2023-03-13T16:09:02 EET" duration-ms="8314" status="PASS">
          <params>
            <param index="0">
              <value>
                <![CDATA[Firefox]]>
              </value>
            </param>
          </params>
          <reporter-output>
          </reporter-output>
        </test-method> <!-- setUp -->
        <test-method signature="case_1(java.lang.String)[pri:0, instance:Main.TestNg@4e50c791]" started-at="2023-03-13T16:09:02 EET" name="case_1" finished-at="2023-03-13T16:09:13 EET" duration-ms="11237" status="PASS">
          <params>
            <param index="0">
              <value>
                <![CDATA[https://dex-trade.com]]>
              </value>
            </param>
          </params>
          <reporter-output>
          </reporter-output>
        </test-method> <!-- case_1 -->
      </class> <!-- Main.TestNg -->
    </test> <!-- Dex-Trade Regression -->
  </suite> <!-- WPT -->
</testng-results>
